# JRE version: OpenJDK Runtime Environment (21.0.6) (build 21.0.6+-13391695-b895.109)
# Java VM: OpenJDK 64-Bit Server VM (21.0.6+-13391695-b895.109, mixed mode, tiered, compressed oops, compressed class ptrs, g1 gc, windows-amd64)
GC Precious Log:
 CardTable entry size: 512
 Card Set container configuration: InlinePtr #cards 5 size 8 Array Of Cards #cards 12 size 40 Howl #buckets 4 coarsen threshold 1843 Howl Bitmap #cards 512 size 80 coarsen threshold 460 Card regions per heap region 1 cards per card region 2048
 CPUs: 12 total, 12 available
 Memory: 5981M
 Large Page Support: Disabled
 NUMA Support: Disabled
 Compressed Oops: Enabled (32-bit)
 Heap Region Size: 1M
 Heap Min Capacity: 8M
 Heap Initial Capacity: 94M
 Heap Max Capacity: 2G
 Pre-touch: Disabled
 Parallel Workers: 10
 Concurrent Workers: 3
 Concurrent Refinement Workers: 10
 Periodic GC: Disabled
Heap:
 garbage-first heap   total 317440K, used 96379K [0x0000000080000000, 0x0000000100000000)
  region size 1024K, 3 young (3072K), 3 survivors (3072K)
 Metaspace       used 102618K, committed 104832K, reserved 1179648K
  class space    used 13929K, committed 15040K, reserved 1048576K
GC Heap History (20 events):
Event: 201.965 GC heap after
{Heap after GC invocations=37 (full 0):
 garbage-first heap   total 316416K, used 79758K [0x0000000080000000, 0x0000000100000000)
  region size 1024K, 3 young (3072K), 3 survivors (3072K)
 Metaspace       used 82421K, committed 84416K, reserved 1179648K
  class space    used 11058K, committed 12096K, reserved 1048576K
}
Event: 203.810 GC heap before
{Heap before GC invocations=38 (full 0):
 garbage-first heap   total 283648K, used 98190K [0x0000000080000000, 0x0000000100000000)
  region size 1024K, 16 young (16384K), 3 survivors (3072K)
 Metaspace       used 82506K, committed 84480K, reserved 1179648K
  class space    used 11078K, committed 12096K, reserved 1048576K
}
Event: 204.173 GC heap after
{Heap after GC invocations=39 (full 0):
 garbage-first heap   total 283648K, used 83514K [0x0000000080000000, 0x0000000100000000)
  region size 1024K, 2 young (2048K), 2 survivors (2048K)
 Metaspace       used 82506K, committed 84480K, reserved 1179648K
  class space    used 11078K, committed 12096K, reserved 1048576K
}
Event: 205.782 GC heap before
{Heap before GC invocations=39 (full 0):
 garbage-first heap   total 283648K, used 94778K [0x0000000080000000, 0x0000000100000000)
  region size 1024K, 13 young (13312K), 2 survivors (2048K)
 Metaspace       used 83265K, committed 85248K, reserved 1179648K
  class space    used 11205K, committed 12224K, reserved 1048576K
}
Event: 205.813 GC heap after
{Heap after GC invocations=40 (full 0):
 garbage-first heap   total 283648K, used 84061K [0x0000000080000000, 0x0000000100000000)
  region size 1024K, 1 young (1024K), 1 survivors (1024K)
 Metaspace       used 83265K, committed 85248K, reserved 1179648K
  class space    used 11205K, committed 12224K, reserved 1048576K
}
Event: 207.210 GC heap before
{Heap before GC invocations=40 (full 0):
 garbage-first heap   total 283648K, used 100445K [0x0000000080000000, 0x0000000100000000)
  region size 1024K, 18 young (18432K), 1 survivors (1024K)
 Metaspace       used 84690K, committed 86784K, reserved 1179648K
  class space    used 11374K, committed 12416K, reserved 1048576K
}
Event: 207.246 GC heap after
{Heap after GC invocations=41 (full 0):
 garbage-first heap   total 283648K, used 84607K [0x0000000080000000, 0x0000000100000000)
  region size 1024K, 2 young (2048K), 2 survivors (2048K)
 Metaspace       used 84690K, committed 86784K, reserved 1179648K
  class space    used 11374K, committed 12416K, reserved 1048576K
}
Event: 208.278 GC heap before
{Heap before GC invocations=41 (full 0):
 garbage-first heap   total 283648K, used 107135K [0x0000000080000000, 0x0000000100000000)
  region size 1024K, 25 young (25600K), 2 survivors (2048K)
 Metaspace       used 86498K, committed 88512K, reserved 1179648K
  class space    used 11584K, committed 12608K, reserved 1048576K
}
Event: 208.300 GC heap after
{Heap after GC invocations=42 (full 0):
 garbage-first heap   total 283648K, used 85441K [0x0000000080000000, 0x0000000100000000)
  region size 1024K, 3 young (3072K), 3 survivors (3072K)
 Metaspace       used 86498K, committed 88512K, reserved 1179648K
  class space    used 11584K, committed 12608K, reserved 1048576K
}
Event: 209.041 GC heap before
{Heap before GC invocations=42 (full 0):
 garbage-first heap   total 283648K, used 102849K [0x0000000080000000, 0x0000000100000000)
  region size 1024K, 21 young (21504K), 3 survivors (3072K)
 Metaspace       used 88275K, committed 90304K, reserved 1179648K
  class space    used 11820K, committed 12864K, reserved 1048576K
}
Event: 209.060 GC heap after
{Heap after GC invocations=43 (full 0):
 garbage-first heap   total 283648K, used 86139K [0x0000000080000000, 0x0000000100000000)
  region size 1024K, 2 young (2048K), 2 survivors (2048K)
 Metaspace       used 88275K, committed 90304K, reserved 1179648K
  class space    used 11820K, committed 12864K, reserved 1048576K
}
Event: 209.679 GC heap before
{Heap before GC invocations=44 (full 0):
 garbage-first heap   total 283648K, used 106619K [0x0000000080000000, 0x0000000100000000)
  region size 1024K, 22 young (22528K), 2 survivors (2048K)
 Metaspace       used 90826K, committed 92928K, reserved 1179648K
  class space    used 12151K, committed 13248K, reserved 1048576K
}
Event: 209.686 GC heap after
{Heap after GC invocations=45 (full 0):
 garbage-first heap   total 283648K, used 87339K [0x0000000080000000, 0x0000000100000000)
  region size 1024K, 2 young (2048K), 2 survivors (2048K)
 Metaspace       used 90826K, committed 92928K, reserved 1179648K
  class space    used 12151K, committed 13248K, reserved 1048576K
}
Event: 211.300 GC heap before
{Heap before GC invocations=45 (full 0):
 garbage-first heap   total 283648K, used 134443K [0x0000000080000000, 0x0000000100000000)
  region size 1024K, 48 young (49152K), 2 survivors (2048K)
 Metaspace       used 94099K, committed 96192K, reserved 1179648K
  class space    used 12627K, committed 13696K, reserved 1048576K
}
Event: 211.330 GC heap after
{Heap after GC invocations=46 (full 0):
 garbage-first heap   total 283648K, used 88968K [0x0000000080000000, 0x0000000100000000)
  region size 1024K, 4 young (4096K), 4 survivors (4096K)
 Metaspace       used 94099K, committed 96192K, reserved 1179648K
  class space    used 12627K, committed 13696K, reserved 1048576K
}
Event: 212.565 GC heap before
{Heap before GC invocations=46 (full 0):
 garbage-first heap   total 283648K, used 144264K [0x0000000080000000, 0x0000000100000000)
  region size 1024K, 58 young (59392K), 4 survivors (4096K)
 Metaspace       used 96222K, committed 98304K, reserved 1179648K
  class space    used 12894K, committed 13952K, reserved 1048576K
}
Event: 212.738 GC heap after
{Heap after GC invocations=47 (full 0):
 garbage-first heap   total 283648K, used 93186K [0x0000000080000000, 0x0000000100000000)
  region size 1024K, 8 young (8192K), 8 survivors (8192K)
 Metaspace       used 96222K, committed 98304K, reserved 1179648K
  class space    used 12894K, committed 13952K, reserved 1048576K
}
Event: 214.275 GC heap before
{Heap before GC invocations=47 (full 0):
 garbage-first heap   total 283648K, used 119810K [0x0000000080000000, 0x0000000100000000)
  region size 1024K, 33 young (33792K), 8 survivors (8192K)
 Metaspace       used 98121K, committed 100288K, reserved 1179648K
  class space    used 13157K, committed 14272K, reserved 1048576K
}
Event: 214.443 GC heap after
{Heap after GC invocations=48 (full 0):
 garbage-first heap   total 283648K, used 96101K [0x0000000080000000, 0x0000000100000000)
  region size 1024K, 3 young (3072K), 3 survivors (3072K)
 Metaspace       used 98121K, committed 100288K, reserved 1179648K
  class space    used 13157K, committed 14272K, reserved 1048576K
}
Event: 220.440 GC heap before
{Heap before GC invocations=48 (full 0):
 garbage-first heap   total 283648K, used 152421K [0x0000000080000000, 0x0000000100000000)
  region size 1024K, 58 young (59392K), 3 survivors (3072K)
 Metaspace       used 102618K, committed 104832K, reserved 1179648K
  class space    used 13929K, committed 15040K, reserved 1048576K
}

